Determining if the pthread_create exist failed with the following output:
Change Dir: /home/allen/linux/catkin_ws/src/modbus_arm-build/CMakeFiles/CMakeTmp

Run Build Command:"/usr/bin/make" "cmTC_e252a/fast"
/usr/bin/make -f CMakeFiles/cmTC_e252a.dir/build.make CMakeFiles/cmTC_e252a.dir/build
make[1]: Entering directory '/home/allen/linux/catkin_ws/src/modbus_arm-build/CMakeFiles/CMakeTmp'
Building C object CMakeFiles/cmTC_e252a.dir/CheckSymbolExists.c.o
/usr/bin/cc     -o CMakeFiles/cmTC_e252a.dir/CheckSymbolExists.c.o   -c /home/allen/linux/catkin_ws/src/modbus_arm-build/CMakeFiles/CMakeTmp/CheckSymbolExists.c
Linking C executable cmTC_e252a
/usr/bin/cmake -E cmake_link_script CMakeFiles/cmTC_e252a.dir/link.txt --verbose=1
/usr/bin/cc       CMakeFiles/cmTC_e252a.dir/CheckSymbolExists.c.o  -o cmTC_e252a -rdynamic 
CMakeFiles/cmTC_e252a.dir/CheckSymbolExists.c.o: 於函式 main:
CheckSymbolExists.c:(.text+0x16): 未定義參考到「pthread_create」
collect2: error: ld returned 1 exit status
CMakeFiles/cmTC_e252a.dir/build.make:97: recipe for target 'cmTC_e252a' failed
make[1]: *** [cmTC_e252a] Error 1
make[1]: Leaving directory '/home/allen/linux/catkin_ws/src/modbus_arm-build/CMakeFiles/CMakeTmp'
Makefile:126: recipe for target 'cmTC_e252a/fast' failed
make: *** [cmTC_e252a/fast] Error 2

File /home/allen/linux/catkin_ws/src/modbus_arm-build/CMakeFiles/CMakeTmp/CheckSymbolExists.c:
/* */
#include <pthread.h>

int main(int argc, char** argv)
{
  (void)argv;
#ifndef pthread_create
  return ((int*)(&pthread_create))[argc];
#else
  (void)argc;
  return 0;
#endif
}

Determining if the function pthread_create exists in the pthreads failed with the following output:
Change Dir: /home/allen/linux/catkin_ws/src/modbus_arm-build/CMakeFiles/CMakeTmp

Run Build Command:"/usr/bin/make" "cmTC_8b3e7/fast"
/usr/bin/make -f CMakeFiles/cmTC_8b3e7.dir/build.make CMakeFiles/cmTC_8b3e7.dir/build
make[1]: Entering directory '/home/allen/linux/catkin_ws/src/modbus_arm-build/CMakeFiles/CMakeTmp'
Building C object CMakeFiles/cmTC_8b3e7.dir/CheckFunctionExists.c.o
/usr/bin/cc    -DCHECK_FUNCTION_EXISTS=pthread_create   -o CMakeFiles/cmTC_8b3e7.dir/CheckFunctionExists.c.o   -c /usr/share/cmake-3.5/Modules/CheckFunctionExists.c
Linking C executable cmTC_8b3e7
/usr/bin/cmake -E cmake_link_script CMakeFiles/cmTC_8b3e7.dir/link.txt --verbose=1
/usr/bin/cc   -DCHECK_FUNCTION_EXISTS=pthread_create    CMakeFiles/cmTC_8b3e7.dir/CheckFunctionExists.c.o  -o cmTC_8b3e7 -rdynamic -lpthreads 
/usr/bin/ld: 找不到 -lpthreads
collect2: error: ld returned 1 exit status
CMakeFiles/cmTC_8b3e7.dir/build.make:97: recipe for target 'cmTC_8b3e7' failed
make[1]: *** [cmTC_8b3e7] Error 1
make[1]: Leaving directory '/home/allen/linux/catkin_ws/src/modbus_arm-build/CMakeFiles/CMakeTmp'
Makefile:126: recipe for target 'cmTC_8b3e7/fast' failed
make: *** [cmTC_8b3e7/fast] Error 2


